<?xml version="1.0" encoding="utf-8"?><testsuites name="pytest tests"><testsuite name="pytest" errors="0" failures="0" skipped="0" tests="25" time="6.093" timestamp="2026-04-01T15:51:40.560004+00:00" hostname="agent-env-c508b04f-d2ec-48a6-8447-dc9f478da2c8"><testcase classname="backend.tests.test_v1_api_migration.TestApprovalsV1" name="test_get_approvals_list" time="0.171" /><testcase classname="backend.tests.test_v1_api_migration.TestApprovalsV1" name="test_get_single_approval" time="0.230" /><testcase classname="backend.tests.test_v1_api_migration.TestApprovalsV1" name="test_approve_item" time="0.700" /><testcase classname="backend.tests.test_v1_api_migration.TestApprovalsV1" name="test_reject_item" time="0.254" /><testcase classname="backend.tests.test_v1_api_migration.TestApprovalsV1" name="test_dismiss_item" time="0.217" /><testcase classname="backend.tests.test_v1_api_migration.TestApprovalsV1" name="test_edit_approve_item" time="0.314" /><testcase classname="backend.tests.test_v1_api_migration.TestActionItemsV1" name="test_get_action_items_list" time="0.114" /><testcase classname="backend.tests.test_v1_api_migration.TestActionItemsV1" name="test_get_single_action_item" time="0.217" /><testcase classname="backend.tests.test_v1_api_migration.TestActionItemsV1" name="test_complete_action_item" time="0.230" /><testcase classname="backend.tests.test_v1_api_migration.TestActionItemsV1" name="test_defer_action_item" time="0.248" /><testcase classname="backend.tests.test_v1_api_migration.TestActionItemsV1" name="test_redirect_action_item" time="0.221" /><testcase classname="backend.tests.test_v1_api_migration.TestScheduleV1" name="test_get_schedule_list" time="0.118" /><testcase classname="backend.tests.test_v1_api_migration.TestScheduleV1" name="test_create_schedule_item" time="0.116" /><testcase classname="backend.tests.test_v1_api_migration.TestScheduleV1" name="test_pause_schedule" time="0.271" /><testcase classname="backend.tests.test_v1_api_migration.TestScheduleV1" name="test_resume_schedule" time="0.356" /><testcase classname="backend.tests.test_v1_api_migration.TestScheduleV1" name="test_run_now_schedule" time="0.228" /><testcase classname="backend.tests.test_v1_api_migration.TestScheduleV1" name="test_edit_schedule" time="0.230" /><testcase classname="backend.tests.test_v1_api_migration.TestInboxesV1" name="test_get_inboxes_list" time="0.108" /><testcase classname="backend.tests.test_v1_api_migration.TestActivityV1" name="test_get_activity_list" time="0.123" /><testcase classname="backend.tests.test_v1_api_migration.TestStatsV1" name="test_get_stats" time="0.652" /><testcase classname="backend.tests.test_v1_api_migration.TestBrandsV1" name="test_get_brands" time="0.131" /><testcase classname="backend.tests.test_v1_api_migration.TestTemplatesV1" name="test_get_templates" time="0.106" /><testcase classname="backend.tests.test_v1_api_migration.TestWebSocketV1" name="test_websocket_v1_ping_pong" time="0.225" /><testcase classname="backend.tests.test_v1_api_migration.TestWebSocketV1" name="test_websocket_v1_sync_state" time="0.222" /><testcase classname="backend.tests.test_v1_api_migration.TestOldAPIRemoved" name="test_old_ws_returns_error" time="0.209" /></testsuite></testsuites>