<?xml version="1.0" encoding="utf-8"?><testsuites name="pytest tests"><testsuite name="pytest" errors="0" failures="0" skipped="0" tests="21" time="5.691" timestamp="2026-04-01T19:14:26.927232+00:00" hostname="agent-env-c508b04f-d2ec-48a6-8447-dc9f478da2c8"><testcase classname="tests.test_refactored_api_regression.TestHealthAndStats" name="test_health_check_root" time="0.196" /><testcase classname="tests.test_refactored_api_regression.TestHealthAndStats" name="test_stats_endpoint" time="0.800" /><testcase classname="tests.test_refactored_api_regression.TestBrandsAPI" name="test_get_brands" time="0.119" /><testcase classname="tests.test_refactored_api_regression.TestTasksAPI" name="test_get_tasks" time="0.122" /><testcase classname="tests.test_refactored_api_regression.TestTasksAPI" name="test_create_and_delete_task" time="0.236" /><testcase classname="tests.test_refactored_api_regression.TestTasksAPI" name="test_update_task_status" time="0.378" /><testcase classname="tests.test_refactored_api_regression.TestTasksAPI" name="test_action_items_alias" time="0.180" /><testcase classname="tests.test_refactored_api_regression.TestApprovalsAPI" name="test_get_approvals" time="0.109" /><testcase classname="tests.test_refactored_api_regression.TestApprovalsAPI" name="test_discard_and_dismiss_alias" time="0.405" /><testcase classname="tests.test_refactored_api_regression.TestScheduleAPI" name="test_get_schedule" time="0.162" /><testcase classname="tests.test_refactored_api_regression.TestScheduleAPI" name="test_create_and_delete_schedule" time="0.394" /><testcase classname="tests.test_refactored_api_regression.TestUsersAPI" name="test_get_users" time="0.159" /><testcase classname="tests.test_refactored_api_regression.TestUsersAPI" name="test_create_and_delete_user" time="0.233" /><testcase classname="tests.test_refactored_api_regression.TestActivityAPI" name="test_get_activity" time="0.103" /><testcase classname="tests.test_refactored_api_regression.TestTemplatesAPI" name="test_get_templates" time="0.118" /><testcase classname="tests.test_refactored_api_regression.TestTemplatesAPI" name="test_create_and_delete_template" time="0.237" /><testcase classname="tests.test_refactored_api_regression.TestAgentMailAPI" name="test_get_agentmail_inboxes" time="1.014" /><testcase classname="tests.test_refactored_api_regression.TestCalendarAPI" name="test_get_calendar_feeds" time="0.147" /><testcase classname="tests.test_refactored_api_regression.TestWebSocket" name="test_websocket_endpoint_exists" time="0.177" /><testcase classname="tests.test_refactored_api_regression.TestInboxesAPI" name="test_get_inboxes" time="0.110" /><testcase classname="tests.test_refactored_api_regression.TestAgentsAPI" name="test_get_agents" time="0.117" /></testsuite></testsuites>