<?xml version="1.0" encoding="utf-8"?><testsuites name="pytest tests"><testsuite name="pytest" errors="0" failures="0" skipped="0" tests="18" time="5.799" timestamp="2026-04-01T15:06:26.862812+00:00" hostname="agent-env-c508b04f-d2ec-48a6-8447-dc9f478da2c8"><testcase classname="backend.tests.test_websocket_and_tasks.TestWebSocket" name="test_websocket_ping_pong" time="0.265" /><testcase classname="backend.tests.test_websocket_and_tasks.TestWebSocket" name="test_websocket_sync_state" time="0.252" /><testcase classname="backend.tests.test_websocket_and_tasks.TestWebSocket" name="test_websocket_broadcast_on_approval_action" time="0.483" /><testcase classname="backend.tests.test_websocket_and_tasks.TestTaskDeferRedirect" name="test_create_task_with_priority_and_agent_note" time="0.201" /><testcase classname="backend.tests.test_websocket_and_tasks.TestTaskDeferRedirect" name="test_defer_task" time="0.364" /><testcase classname="backend.tests.test_websocket_and_tasks.TestTaskDeferRedirect" name="test_redirect_task" time="0.443" /><testcase classname="backend.tests.test_websocket_and_tasks.TestTaskDeferRedirect" name="test_defer_nonexistent_task" time="0.117" /><testcase classname="backend.tests.test_websocket_and_tasks.TestTaskDeferRedirect" name="test_redirect_nonexistent_task" time="0.126" /><testcase classname="backend.tests.test_websocket_and_tasks.TestApprovalSearch" name="test_approvals_search_by_subject" time="0.242" /><testcase classname="backend.tests.test_websocket_and_tasks.TestTemplates" name="test_templates_crud_flow" time="0.502" /><testcase classname="backend.tests.test_websocket_and_tasks.TestExistingEndpoints" name="test_brands_endpoint" time="0.122" /><testcase classname="backend.tests.test_websocket_and_tasks.TestExistingEndpoints" name="test_stats_endpoint" time="0.726" /><testcase classname="backend.tests.test_websocket_and_tasks.TestExistingEndpoints" name="test_approvals_endpoint" time="0.133" /><testcase classname="backend.tests.test_websocket_and_tasks.TestExistingEndpoints" name="test_tasks_endpoint" time="0.109" /><testcase classname="backend.tests.test_websocket_and_tasks.TestExistingEndpoints" name="test_inboxes_endpoint" time="0.105" /><testcase classname="backend.tests.test_websocket_and_tasks.TestExistingEndpoints" name="test_activity_endpoint" time="0.117" /><testcase classname="backend.tests.test_websocket_and_tasks.TestExistingEndpoints" name="test_agentmail_inboxes" time="0.889" /><testcase classname="backend.tests.test_websocket_and_tasks.TestExistingEndpoints" name="test_task_status_update" time="0.532" /></testsuite></testsuites>