<?xml version="1.0" encoding="utf-8"?><testsuites name="pytest tests"><testsuite name="pytest" errors="0" failures="0" skipped="0" tests="22" time="8.564" timestamp="2026-04-01T16:22:33.084590+00:00" hostname="agent-env-c508b04f-d2ec-48a6-8447-dc9f478da2c8"><testcase classname="backend.tests.test_task_detail_approvals.TestTaskUpdate" name="test_update_task_title" time="0.476" /><testcase classname="backend.tests.test_task_detail_approvals.TestTaskUpdate" name="test_update_task_description" time="0.216" /><testcase classname="backend.tests.test_task_detail_approvals.TestTaskUpdate" name="test_update_task_due_date" time="0.696" /><testcase classname="backend.tests.test_task_detail_approvals.TestTaskUpdate" name="test_update_task_priority" time="0.740" /><testcase classname="backend.tests.test_task_detail_approvals.TestTaskUpdate" name="test_update_task_user_note" time="0.293" /><testcase classname="backend.tests.test_task_detail_approvals.TestTaskUpdate" name="test_update_multiple_fields" time="0.216" /><testcase classname="backend.tests.test_task_detail_approvals.TestTaskUpdate" name="test_update_nonexistent_task" time="0.297" /><testcase classname="backend.tests.test_task_detail_approvals.TestTaskApprovals" name="test_approvals_includes_tasks_in_approval_status" time="0.407" /><testcase classname="backend.tests.test_task_detail_approvals.TestTaskApprovals" name="test_task_approval_has_type_task_approval" time="0.386" /><testcase classname="backend.tests.test_task_detail_approvals.TestTaskApprovals" name="test_task_approval_has_source_task" time="0.384" /><testcase classname="backend.tests.test_task_detail_approvals.TestTaskApprovals" name="test_task_approval_has_priority_field" time="0.393" /><testcase classname="backend.tests.test_task_detail_approvals.TestTaskApprovals" name="test_task_approval_has_due_date_field" time="0.369" /><testcase classname="backend.tests.test_task_detail_approvals.TestTaskApprovals" name="test_task_approval_has_subject_from_title" time="0.382" /><testcase classname="backend.tests.test_task_detail_approvals.TestTaskApprovals" name="test_task_approval_brand_filter" time="0.470" /><testcase classname="backend.tests.test_task_detail_approvals.TestTaskApprovals" name="test_completing_task_removes_from_approvals" time="0.570" /><testcase classname="backend.tests.test_task_detail_approvals.TestTaskApprovals" name="test_send_back_moves_task_to_open" time="0.835" /><testcase classname="backend.tests.test_task_detail_approvals.TestRegressionEndpoints" name="test_get_brands" time="0.154" /><testcase classname="backend.tests.test_task_detail_approvals.TestRegressionEndpoints" name="test_get_stats" time="0.679" /><testcase classname="backend.tests.test_task_detail_approvals.TestRegressionEndpoints" name="test_get_tasks" time="0.134" /><testcase classname="backend.tests.test_task_detail_approvals.TestRegressionEndpoints" name="test_get_approvals" time="0.132" /><testcase classname="backend.tests.test_task_detail_approvals.TestRegressionEndpoints" name="test_get_activity" time="0.119" /><testcase classname="backend.tests.test_task_detail_approvals.TestRegressionEndpoints" name="test_email_approvals_still_work" time="0.119" /></testsuite></testsuites>