<?xml version="1.0" encoding="utf-8"?><testsuites name="pytest tests"><testsuite name="pytest" errors="0" failures="0" skipped="0" tests="15" time="4.581" timestamp="2026-04-01T14:39:18.052105+00:00" hostname="agent-env-c508b04f-d2ec-48a6-8447-dc9f478da2c8"><testcase classname="backend.tests.test_new_features.TestApprovalSearch" name="test_approvals_endpoint_exists" time="0.233" /><testcase classname="backend.tests.test_new_features.TestApprovalSearch" name="test_approvals_with_search_param" time="0.149" /><testcase classname="backend.tests.test_new_features.TestApprovalSearch" name="test_approvals_empty_search_returns_all" time="0.375" /><testcase classname="backend.tests.test_new_features.TestApprovalSearch" name="test_approvals_search_filters_results" time="0.283" /><testcase classname="backend.tests.test_new_features.TestApprovalSearch" name="test_approvals_search_case_insensitive" time="0.238" /><testcase classname="backend.tests.test_new_features.TestEmailTemplates" name="test_templates_endpoint_exists" time="0.114" /><testcase classname="backend.tests.test_new_features.TestEmailTemplates" name="test_create_template" time="0.099" /><testcase classname="backend.tests.test_new_features.TestEmailTemplates" name="test_create_and_get_template" time="0.356" /><testcase classname="backend.tests.test_new_features.TestEmailTemplates" name="test_delete_template" time="0.328" /><testcase classname="backend.tests.test_new_features.TestEmailTemplates" name="test_delete_nonexistent_template" time="0.111" /><testcase classname="backend.tests.test_new_features.TestEmailTemplates" name="test_create_template_with_empty_body" time="0.249" /><testcase classname="backend.tests.test_new_features.TestExistingFeatures" name="test_brands_endpoint" time="0.100" /><testcase classname="backend.tests.test_new_features.TestExistingFeatures" name="test_stats_endpoint" time="0.763" /><testcase classname="backend.tests.test_new_features.TestExistingFeatures" name="test_agentmail_inboxes" time="0.742" /><testcase classname="backend.tests.test_new_features.TestExistingFeatures" name="test_activity_endpoint" time="0.347" /></testsuite></testsuites>