<?xml version="1.0" encoding="utf-8"?><testsuites name="pytest tests"><testsuite name="pytest" errors="0" failures="0" skipped="0" tests="20" time="5.775" timestamp="2026-04-01T16:10:45.978302+00:00" hostname="agent-env-c508b04f-d2ec-48a6-8447-dc9f478da2c8"><testcase classname="tests.test_kanban_approval_column.TestTaskStatusValidation" name="test_status_open_valid" time="0.411" /><testcase classname="tests.test_kanban_approval_column.TestTaskStatusValidation" name="test_status_in_progress_valid" time="0.290" /><testcase classname="tests.test_kanban_approval_column.TestTaskStatusValidation" name="test_status_approval_valid" time="0.329" /><testcase classname="tests.test_kanban_approval_column.TestTaskStatusValidation" name="test_status_completed_sets_completed_at" time="0.351" /><testcase classname="tests.test_kanban_approval_column.TestTaskStatusValidation" name="test_status_open_clears_completed_at" time="0.457" /><testcase classname="tests.test_kanban_approval_column.TestTaskStatusValidation" name="test_invalid_status_returns_400" time="0.182" /><testcase classname="tests.test_kanban_approval_column.TestTaskStatusValidation" name="test_archived_status_returns_400" time="0.252" /><testcase classname="tests.test_kanban_approval_column.TestArchivedTaskExclusion" name="test_get_tasks_excludes_archived_by_default" time="0.163" /><testcase classname="tests.test_kanban_approval_column.TestArchivedTaskExclusion" name="test_get_tasks_with_include_archived_true" time="0.096" /><testcase classname="tests.test_kanban_approval_column.TestArchivedTaskExclusion" name="test_get_tasks_with_status_filter" time="0.325" /><testcase classname="tests.test_kanban_approval_column.TestTaskStatusTransitions" name="test_full_kanban_flow_open_to_completed" time="0.492" /><testcase classname="tests.test_kanban_approval_column.TestTaskStatusTransitions" name="test_completed_back_to_open" time="0.348" /><testcase classname="tests.test_kanban_approval_column.TestTaskStatusTransitions" name="test_approval_to_in_progress" time="0.356" /><testcase classname="tests.test_kanban_approval_column.TestRegressionStats" name="test_stats_endpoint_works" time="0.700" /><testcase classname="tests.test_kanban_approval_column.TestRegressionStats" name="test_stats_with_brand_filter" time="0.374" /><testcase classname="tests.test_kanban_approval_column.TestRegressionOtherViews" name="test_brands_endpoint" time="0.132" /><testcase classname="tests.test_kanban_approval_column.TestRegressionOtherViews" name="test_approvals_endpoint" time="0.107" /><testcase classname="tests.test_kanban_approval_column.TestRegressionOtherViews" name="test_activity_endpoint" time="0.099" /><testcase classname="tests.test_kanban_approval_column.TestRegressionOtherViews" name="test_inboxes_endpoint" time="0.099" /><testcase classname="tests.test_kanban_approval_column.TestRegressionOtherViews" name="test_agents_endpoint" time="0.119" /></testsuite></testsuites>