<?xml version="1.0" encoding="utf-8"?><testsuites name="pytest tests"><testsuite name="pytest" errors="0" failures="0" skipped="0" tests="19" time="6.078" timestamp="2026-04-01T16:41:52.586900+00:00" hostname="agent-env-c508b04f-d2ec-48a6-8447-dc9f478da2c8"><testcase classname="backend.tests.test_settings_assignee_features.TestUsersAPI" name="test_get_users_returns_jeff_and_kit" time="0.147" /><testcase classname="backend.tests.test_settings_assignee_features.TestUsersAPI" name="test_create_user" time="0.240" /><testcase classname="backend.tests.test_settings_assignee_features.TestUsersAPI" name="test_update_user" time="0.460" /><testcase classname="backend.tests.test_settings_assignee_features.TestUsersAPI" name="test_delete_user" time="0.345" /><testcase classname="backend.tests.test_settings_assignee_features.TestBrandsAPI" name="test_get_brands_returns_all_brands" time="0.106" /><testcase classname="backend.tests.test_settings_assignee_features.TestBrandsAPI" name="test_create_brand" time="0.252" /><testcase classname="backend.tests.test_settings_assignee_features.TestBrandsAPI" name="test_update_brand" time="0.699" /><testcase classname="backend.tests.test_settings_assignee_features.TestBrandsAPI" name="test_delete_brand" time="0.322" /><testcase classname="backend.tests.test_settings_assignee_features.TestBrandsAPI" name="test_cannot_delete_all_brand" time="0.132" /><testcase classname="backend.tests.test_settings_assignee_features.TestTaskAssigneeFeatures" name="test_get_tasks_with_assignee_filter" time="0.121" /><testcase classname="backend.tests.test_settings_assignee_features.TestTaskAssigneeFeatures" name="test_get_tasks_with_assignee_kit" time="0.111" /><testcase classname="backend.tests.test_settings_assignee_features.TestTaskAssigneeFeatures" name="test_create_task_with_assignee" time="0.223" /><testcase classname="backend.tests.test_settings_assignee_features.TestTaskAssigneeFeatures" name="test_update_task_assignee" time="0.571" /><testcase classname="backend.tests.test_settings_assignee_features.TestTaskAssigneeFeatures" name="test_tasks_have_assignee_field" time="0.116" /><testcase classname="backend.tests.test_settings_assignee_features.TestRegressionChecks" name="test_kanban_has_4_columns_statuses" time="0.963" /><testcase classname="backend.tests.test_settings_assignee_features.TestRegressionChecks" name="test_overview_stats_endpoint" time="0.777" /><testcase classname="backend.tests.test_settings_assignee_features.TestRegressionChecks" name="test_approvals_endpoint" time="0.138" /><testcase classname="backend.tests.test_settings_assignee_features.TestRegressionChecks" name="test_inboxes_endpoint" time="0.151" /><testcase classname="backend.tests.test_settings_assignee_features.TestRegressionChecks" name="test_activity_endpoint" time="0.114" /></testsuite></testsuites>