<?xml version="1.0" encoding="utf-8"?><testsuites name="pytest tests"><testsuite name="pytest" errors="0" failures="1" skipped="0" tests="25" time="6.818" timestamp="2026-04-01T15:58:48.853784+00:00" hostname="agent-env-c508b04f-d2ec-48a6-8447-dc9f478da2c8"><testcase classname="backend.tests.test_schedule_view.TestScheduleCRUD" name="test_get_schedule_list" time="0.243" /><testcase classname="backend.tests.test_schedule_view.TestScheduleCRUD" name="test_get_schedule_with_brand_filter" time="0.138" /><testcase classname="backend.tests.test_schedule_view.TestScheduleCRUD" name="test_create_schedule_item" time="0.239" /><testcase classname="backend.tests.test_schedule_view.TestScheduleCRUD" name="test_get_schedule_item_by_id" time="0.389" /><testcase classname="backend.tests.test_schedule_view.TestScheduleCRUD" name="test_get_nonexistent_schedule_returns_404" time="0.110" /><testcase classname="backend.tests.test_schedule_view.TestScheduleCRUD" name="test_pause_schedule" time="0.479" /><testcase classname="backend.tests.test_schedule_view.TestScheduleCRUD" name="test_resume_schedule" time="0.650" /><testcase classname="backend.tests.test_schedule_view.TestScheduleCRUD" name="test_run_now_schedule" time="0.477" /><testcase classname="backend.tests.test_schedule_view.TestScheduleCRUD" name="test_edit_schedule" time="0.559" /><testcase classname="backend.tests.test_schedule_view.TestScheduleCRUD" name="test_delete_schedule" time="0.345" /><testcase classname="backend.tests.test_schedule_view.TestScheduleCRUD" name="test_delete_nonexistent_schedule_returns_404" time="0.134" /><testcase classname="backend.tests.test_schedule_view.TestScheduleCRUD" name="test_pause_nonexistent_schedule_returns_404" time="0.138" /><testcase classname="backend.tests.test_schedule_view.TestScheduleCRUD" name="test_resume_nonexistent_schedule_returns_404" time="0.115" /><testcase classname="backend.tests.test_schedule_view.TestScheduleCRUD" name="test_run_now_nonexistent_schedule_returns_404" time="0.138" /><testcase classname="backend.tests.test_schedule_view.TestScheduleCRUD" name="test_edit_nonexistent_schedule_returns_404" time="0.110" /><testcase classname="backend.tests.test_schedule_view.TestScheduleStatusFiltering" name="test_filter_by_active_status" time="0.341" /><testcase classname="backend.tests.test_schedule_view.TestScheduleStatusFiltering" name="test_filter_by_paused_status" time="0.485" /><testcase classname="backend.tests.test_schedule_view.TestRegressionOtherViews" name="test_overview_stats" time="0.779" /><testcase classname="backend.tests.test_schedule_view.TestRegressionOtherViews" name="test_approvals_list" time="0.115" /><testcase classname="backend.tests.test_schedule_view.TestRegressionOtherViews" name="test_tasks_list" time="0.107" /><testcase classname="backend.tests.test_schedule_view.TestRegressionOtherViews" name="test_inboxes_list" time="0.105" /><testcase classname="backend.tests.test_schedule_view.TestRegressionOtherViews" name="test_activity_list" time="0.125" /><testcase classname="backend.tests.test_schedule_view.TestRegressionOtherViews" name="test_calendar_feeds" time="0.152" /><testcase classname="backend.tests.test_schedule_view.TestRegressionOtherViews" name="test_brands_list" time="0.131" /><testcase classname="backend.tests.test_schedule_view.TestWebSocketConnection" name="test_websocket_endpoint_exists" time="0.098"><failure message="assert 404 in [403, 426, 400, 200]&#10; +  where 404 = &lt;Response [404]&gt;.status_code">backend/tests/test_schedule_view.py:348: in test_websocket_endpoint_exists
    assert response.status_code in [403, 426, 400, 200]
E   assert 404 in [403, 426, 400, 200]
E    +  where 404 = &lt;Response [404]&gt;.status_code</failure></testcase></testsuite></testsuites>